Using pre-set license
Built from '2021.3/staging' branch; Version is '2021.3.9f1 (ad3870b89536) revision 11352176'; Using compiler version '192829333'; Build Type 'Release'
OS: 'Windows 11  (10.0.22000) 64bit Core' Language: 'en' Physical Memory: 16225 MB
BatchMode: 1, IsHumanControllingUs: 0, StartBugReporterOnCrash: 0, Is64bit: 1, IsPro: 1

COMMAND LINE ARGUMENTS:
C:\Program Files\Unity\Hub\Editor\2021.3.9f1\Editor\Unity.exe
-adb2
-batchMode
-noUpm
-name
AssetImportWorker2
-projectPath
E:/Projects/Castle Seige
-logFile
Logs/AssetImportWorker2.log
-srvPort
56419
Successfully changed project path to: E:/Projects/Castle Seige
E:/Projects/Castle Seige
[UnityMemory] Configuration Parameters - Can be set up in boot.config
    "memorysetup-bucket-allocator-granularity=16"
    "memorysetup-bucket-allocator-bucket-count=8"
    "memorysetup-bucket-allocator-block-size=33554432"
    "memorysetup-bucket-allocator-block-count=8"
    "memorysetup-main-allocator-block-size=16777216"
    "memorysetup-thread-allocator-block-size=16777216"
    "memorysetup-gfx-main-allocator-block-size=16777216"
    "memorysetup-gfx-thread-allocator-block-size=16777216"
    "memorysetup-cache-allocator-block-size=4194304"
    "memorysetup-typetree-allocator-block-size=2097152"
    "memorysetup-profiler-bucket-allocator-granularity=16"
    "memorysetup-profiler-bucket-allocator-bucket-count=8"
    "memorysetup-profiler-bucket-allocator-block-size=33554432"
    "memorysetup-profiler-bucket-allocator-block-count=8"
    "memorysetup-profiler-allocator-block-size=16777216"
    "memorysetup-profiler-editor-allocator-block-size=1048576"
    "memorysetup-temp-allocator-size-main=16777216"
    "memorysetup-job-temp-allocator-block-size=2097152"
    "memorysetup-job-temp-allocator-block-size-background=1048576"
    "memorysetup-job-temp-allocator-reduction-small-platforms=262144"
    "memorysetup-temp-allocator-size-background-worker=32768"
    "memorysetup-temp-allocator-size-job-worker=262144"
    "memorysetup-temp-allocator-size-preload-manager=33554432"
    "memorysetup-temp-allocator-size-nav-mesh-worker=65536"
    "memorysetup-temp-allocator-size-audio-worker=65536"
    "memorysetup-temp-allocator-size-cloud-worker=32768"
    "memorysetup-temp-allocator-size-gi-baking-worker=262144"
    "memorysetup-temp-allocator-size-gfx=262144"
Refreshing native plugins compatible for Editor in 198.11 ms, found 3 plugins.
Preloading 0 native plugins for Editor in 0.00 ms.
Initialize engine version: 2021.3.9f1 (ad3870b89536)
[Subsystems] Discovering subsystems at path C:/Program Files/Unity/Hub/Editor/2021.3.9f1/Editor/Data/Resources/UnitySubsystems
[Subsystems] Discovering subsystems at path E:/Projects/Castle Seige/Assets
GfxDevice: creating device client; threaded=0; jobified=0
Direct3D:
    Version:  Direct3D 11.0 [level 11.1]
    Renderer: NVIDIA GeForce GTX 1660 Ti (ID=0x2191)
    Vendor:   NVIDIA
    VRAM:     5991 MB
    Driver:   30.0.15.1179
Initialize mono
Mono path[0] = 'C:/Program Files/Unity/Hub/Editor/2021.3.9f1/Editor/Data/Managed'
Mono path[1] = 'C:/Program Files/Unity/Hub/Editor/2021.3.9f1/Editor/Data/MonoBleedingEdge/lib/mono/unityjit-win32'
Mono config path = 'C:/Program Files/Unity/Hub/Editor/2021.3.9f1/Editor/Data/MonoBleedingEdge/etc'
Using monoOptions --debugger-agent=transport=dt_socket,embedding=1,server=y,suspend=n,address=127.0.0.1:56928
Begin MonoManager ReloadAssembly
Registering precompiled unity dll's ...
Register platform support module: C:/Program Files/Unity/Hub/Editor/2021.3.9f1/Editor/Data/PlaybackEngines/WebGLSupport/UnityEditor.WebGL.Extensions.dll
Register platform support module: C:/Program Files/Unity/Hub/Editor/2021.3.9f1/Editor/Data/PlaybackEngines/WindowsStandaloneSupport/UnityEditor.WindowsStandalone.Extensions.dll
Registered in 0.010831 seconds.
Native extension for WindowsStandalone target not found
Native extension for WebGL target not found
Refreshing native plugins compatible for Editor in 75.03 ms, found 3 plugins.
Preloading 0 native plugins for Editor in 0.00 ms.
Mono: successfully reloaded assembly
- Completed reload, in  0.670 seconds
Domain Reload Profiling:
	ReloadAssembly (670ms)
		BeginReloadAssembly (78ms)
			ExecutionOrderSort (0ms)
			DisableScriptedObjects (0ms)
			BackupInstance (0ms)
			ReleaseScriptingObjects (0ms)
			CreateAndSetChildDomain (1ms)
		EndReloadAssembly (475ms)
			LoadAssemblies (76ms)
			RebuildTransferFunctionScriptingTraits (0ms)
			SetupTypeCache (106ms)
			ReleaseScriptCaches (0ms)
			RebuildScriptCaches (30ms)
			SetupLoadedEditorAssemblies (288ms)
				LogAssemblyErrors (0ms)
				InitializePlatformSupportModulesInManaged (8ms)
				SetLoadedEditorAssemblies (0ms)
				RefreshPlugins (75ms)
				BeforeProcessingInitializeOnLoad (1ms)
				ProcessInitializeOnLoadAttributes (151ms)
				ProcessInitializeOnLoadMethodAttributes (52ms)
				AfterProcessingInitializeOnLoad (0ms)
				EditorAssembliesLoaded (0ms)
			ExecutionOrderSort2 (0ms)
			AwakeInstancesAfterBackupRestoration (0ms)
Platform modules already initialized, skipping
Registering precompiled user dll's ...
Registered in 0.004551 seconds.
Begin MonoManager ReloadAssembly
Symbol file LoadedFromMemory doesn't match image E:\Projects\Castle Seige\Library\PackageCache\com.unity.visualscripting@1.7.8\Editor\VisualScripting.Core\Dependencies\YamlDotNet\Unity.VisualScripting.YamlDotNet.dll
Symbol file LoadedFromMemory doesn't match image E:\Projects\Castle Seige\Library\PackageCache\com.unity.visualscripting@1.7.8\Editor\VisualScripting.Core\Dependencies\DotNetZip\Unity.VisualScripting.IonicZip.dll
Native extension for WindowsStandalone target not found
Native extension for WebGL target not found
Refreshing native plugins compatible for Editor in 0.52 ms, found 3 plugins.
Preloading 0 native plugins for Editor in 0.00 ms.
Mono: successfully reloaded assembly
- Completed reload, in  4.380 seconds
Domain Reload Profiling:
	ReloadAssembly (4381ms)
		BeginReloadAssembly (108ms)
			ExecutionOrderSort (0ms)
			DisableScriptedObjects (6ms)
			BackupInstance (0ms)
			ReleaseScriptingObjects (0ms)
			CreateAndSetChildDomain (18ms)
		EndReloadAssembly (4095ms)
			LoadAssemblies (3335ms)
			RebuildTransferFunctionScriptingTraits (0ms)
			SetupTypeCache (281ms)
			ReleaseScriptCaches (1ms)
			RebuildScriptCaches (49ms)
			SetupLoadedEditorAssemblies (391ms)
				LogAssemblyErrors (0ms)
				InitializePlatformSupportModulesInManaged (6ms)
				SetLoadedEditorAssemblies (0ms)
				RefreshPlugins (1ms)
				BeforeProcessingInitializeOnLoad (90ms)
				ProcessInitializeOnLoadAttributes (259ms)
				ProcessInitializeOnLoadMethodAttributes (27ms)
				AfterProcessingInitializeOnLoad (7ms)
				EditorAssembliesLoaded (0ms)
			ExecutionOrderSort2 (0ms)
			AwakeInstancesAfterBackupRestoration (8ms)
Platform modules already initialized, skipping
========================================================================
Worker process is ready to serve import requests
Launched and connected shader compiler UnityShaderCompiler.exe after 0.05 seconds
Refreshing native plugins compatible for Editor in 0.58 ms, found 3 plugins.
Preloading 0 native plugins for Editor in 0.00 ms.
Unloading 3427 Unused Serialized files (Serialized files now loaded: 0)
Unloading 27 unused Assets / (111.4 KB). Loaded Objects now: 3885.
Memory consumption went from 119.4 MB to 119.3 MB.
Total: 3.442600 ms (FindLiveObjects: 0.259500 ms CreateObjectMapping: 0.157600 ms MarkObjects: 2.920500 ms  DeleteObjects: 0.104100 ms)

AssetImportParameters requested are different than current active one (requested -> active):
  custom:video-decoder-ogg-theora: a1e56fd34408186e4bbccfd4996cb3dc -> 
  custom:container-muxer-webm: aa71ff27fc2769a1b78a27578f13a17b -> 
  custom:container-demuxer-webm: 4f35f7cbe854078d1ac9338744f61a02 -> 
  custom:video-encoder-webm-vp8: eb34c28f22e8b96e1ab97ce403110664 -> 
  custom:audio-encoder-webm-vorbis: bf7c407c2cedff20999df2af8eb42d56 -> 
  custom:framework-win-MediaFoundation: 216162199b28c13a410421893ffa2e32 -> 
  custom:container-demuxer-ogg: 62fdf1f143b41e24485cea50d1cbac27 -> 
  custom:video-decoder-webm-vp8: 9c59270c3fd7afecdb556c50c9e8de78 -> 
  custom:audio-decoder-ogg-vorbis: bf7c407c2cedff20999df2af8eb42d56 -> 
========================================================================
Received Import Request.
  Time since last request: 1299858.713034 seconds.
  path: Assets/UI/Images/Castle_Siege_Text.png
  artifactKey: Guid(786ed93f8bc2ea247ac8efd5bbdb99ac) Importer(815301076,1909f56bfc062723c751e8b465ee728b)
Start importing Assets/UI/Images/Castle_Siege_Text.png using Guid(786ed93f8bc2ea247ac8efd5bbdb99ac) Importer(815301076,1909f56bfc062723c751e8b465ee728b)  -> (artifact id: '1ace9bf11b62ca6a18d1fe731992d45d') in 0.112056 seconds 
========================================================================
Received Import Request.
  Time since last request: 12.628933 seconds.
  path: Assets/TextMesh Pro/Examples & Extras/Resources/Fonts & Materials/Anton SDF - Drop Shadow.mat
  artifactKey: Guid(749b9069dc4742c5bfa5c74644049926) Importer(815301076,1909f56bfc062723c751e8b465ee728b)
Start importing Assets/TextMesh Pro/Examples & Extras/Resources/Fonts & Materials/Anton SDF - Drop Shadow.mat using Guid(749b9069dc4742c5bfa5c74644049926) Importer(815301076,1909f56bfc062723c751e8b465ee728b)  -> (artifact id: 'a87ef09396bc0454d5bdb68395f257dd') in 0.210965 seconds 
========================================================================
Received Import Request.
  Time since last request: 0.000021 seconds.
  path: Assets/TextMesh Pro/Examples & Extras/Resources/Fonts & Materials/Anton SDF - Sunny Days.mat
  artifactKey: Guid(6522f30e342599e4e9dd4cc2cc03c830) Importer(815301076,1909f56bfc062723c751e8b465ee728b)
Start importing Assets/TextMesh Pro/Examples & Extras/Resources/Fonts & Materials/Anton SDF - Sunny Days.mat using Guid(6522f30e342599e4e9dd4cc2cc03c830) Importer(815301076,1909f56bfc062723c751e8b465ee728b)  -> (artifact id: 'f8558c8e6cd1bfe8c211bcce7e1d3c2d') in 0.218287 seconds 
========================================================================
Received Import Request.
  Time since last request: 0.000039 seconds.
  path: Assets/TextMesh Pro/Examples & Extras/Resources/Fonts & Materials/Bangers SDF Logo.mat
  artifactKey: Guid(f4e195ac1e204eff960149d1cb34e18c) Importer(815301076,1909f56bfc062723c751e8b465ee728b)
Start importing Assets/TextMesh Pro/Examples & Extras/Resources/Fonts & Materials/Bangers SDF Logo.mat using Guid(f4e195ac1e204eff960149d1cb34e18c) Importer(815301076,1909f56bfc062723c751e8b465ee728b)  -> (artifact id: '92425c5b1f489dd3f6c28286ddcf2e74') in 0.443649 seconds 
========================================================================
Received Import Request.
  Time since last request: 18.248635 seconds.
  path: Assets/UI/Images/Castle_Siege_Text.png
  artifactKey: Guid(786ed93f8bc2ea247ac8efd5bbdb99ac) Importer(815301076,1909f56bfc062723c751e8b465ee728b)
Start importing Assets/UI/Images/Castle_Siege_Text.png using Guid(786ed93f8bc2ea247ac8efd5bbdb99ac) Importer(815301076,1909f56bfc062723c751e8b465ee728b)  -> (artifact id: '303fc4deaffaf95e17d5e96a1fe765d9') in 0.073700 seconds 
========================================================================
Received Import Request.
  Time since last request: 362.531692 seconds.
  path: Assets/UI/Images/Begin_Text.png
  artifactKey: Guid(7df27e3c9da80e34eafb9409ac149caf) Importer(815301076,1909f56bfc062723c751e8b465ee728b)
Start importing Assets/UI/Images/Begin_Text.png using Guid(7df27e3c9da80e34eafb9409ac149caf) Importer(815301076,1909f56bfc062723c751e8b465ee728b)  -> (artifact id: 'a385fda869cbcf09daab20aa8e1a91a6') in 0.046002 seconds 
========================================================================
Received Import Request.
  Time since last request: 11.142335 seconds.
  path: Assets/UI/Images/Begin_Text.png
  artifactKey: Guid(7df27e3c9da80e34eafb9409ac149caf) Importer(815301076,1909f56bfc062723c751e8b465ee728b)
Start importing Assets/UI/Images/Begin_Text.png using Guid(7df27e3c9da80e34eafb9409ac149caf) Importer(815301076,1909f56bfc062723c751e8b465ee728b)  -> (artifact id: '8814bd428a3512ad0a96d0b824830cbb') in 0.040642 seconds 
========================================================================
Received Import Request.
  Time since last request: 4.179397 seconds.
  path: Assets/UI/Images/Quit_Text.png
  artifactKey: Guid(e503a3b9ed6c62d4d9b76ffd0e3577e7) Importer(815301076,1909f56bfc062723c751e8b465ee728b)
Start importing Assets/UI/Images/Quit_Text.png using Guid(e503a3b9ed6c62d4d9b76ffd0e3577e7) Importer(815301076,1909f56bfc062723c751e8b465ee728b)  -> (artifact id: 'da7e9bf3fbe97f5c5f52353817bff0e9') in 0.044562 seconds 
========================================================================
Received Import Request.
  Time since last request: 40.968683 seconds.
  path: Assets/UI/Images/Begin_Text.png
  artifactKey: Guid(7df27e3c9da80e34eafb9409ac149caf) Importer(815301076,1909f56bfc062723c751e8b465ee728b)
Start importing Assets/UI/Images/Begin_Text.png using Guid(7df27e3c9da80e34eafb9409ac149caf) Importer(815301076,1909f56bfc062723c751e8b465ee728b)  -> (artifact id: 'b6f4bb565eaa9c1d3dca908989f9ff87') in 0.052721 seconds 
========================================================================
Received Import Request.
  Time since last request: 250.482215 seconds.
  path: Assets/UI/Images/Quit_Text.png
  artifactKey: Guid(e503a3b9ed6c62d4d9b76ffd0e3577e7) Importer(815301076,1909f56bfc062723c751e8b465ee728b)
Start importing Assets/UI/Images/Quit_Text.png using Guid(e503a3b9ed6c62d4d9b76ffd0e3577e7) Importer(815301076,1909f56bfc062723c751e8b465ee728b)  -> (artifact id: '0a29408d4edd29df0de21cbab1ffafaf') in 0.051362 seconds 
========================================================================
Received Import Request.
  Time since last request: 169.721634 seconds.
  path: Assets/Scripts
  artifactKey: Guid(9cd1b58699da6394eace1e241c170a10) Importer(815301076,1909f56bfc062723c751e8b465ee728b)
Start importing Assets/Scripts using Guid(9cd1b58699da6394eace1e241c170a10) Importer(815301076,1909f56bfc062723c751e8b465ee728b)  -> (artifact id: 'b1855144abe45648f19b1d52318c1b1f') in 0.017254 seconds 
